2024-08-03 11:28:16.686 +05:30  INF  Now listening on: https://localhost:7136
2024-08-03 11:28:16.738 +05:30  INF  Now listening on: http://localhost:5192
2024-08-03 11:28:16.741 +05:30  INF  Application started. Press Ctrl+C to shut down.
2024-08-03 11:28:16.742 +05:30  INF  Hosting environment: Development
2024-08-03 11:28:16.742 +05:30  INF  Content root path: D:\Users\sreevidya\source\repos\BookStoreserver_.net\BookStore\BookStore
2024-08-03 11:28:17.539 +05:30  INF  Request starting HTTP/2 GET https://localhost:7136/swagger/index.html - null null
2024-08-03 11:28:17.925 +05:30  INF  Request finished HTTP/2 GET https://localhost:7136/swagger/index.html - 200 null text/html;charset=utf-8 388.2949ms
2024-08-03 11:28:17.937 +05:30  INF  Request starting HTTP/2 GET https://localhost:7136/_framework/aspnetcore-browser-refresh.js - null null
2024-08-03 11:28:17.943 +05:30  INF  Request finished HTTP/2 GET https://localhost:7136/_framework/aspnetcore-browser-refresh.js - 200 13754 application/javascript; charset=utf-8 5.935ms
2024-08-03 11:28:18.004 +05:30  INF  Request starting HTTP/2 GET https://localhost:7136/_vs/browserLink - null null
2024-08-03 11:28:18.218 +05:30  INF  Request finished HTTP/2 GET https://localhost:7136/_vs/browserLink - 200 null text/javascript; charset=UTF-8 214.6212ms
2024-08-03 11:28:18.558 +05:30  INF  Request starting HTTP/2 GET https://localhost:7136/swagger/v1/swagger.json - null null
2024-08-03 11:28:18.737 +05:30  ERR  An unhandled exception has occurred while executing the request.Swashbuckle.AspNetCore.SwaggerGen.SwaggerGeneratorException: Failed to generate Operation for action - BookStore.Controllers.AuthorController.getAuthors (BookStore). See inner exception
 ---> Swashbuckle.AspNetCore.SwaggerGen.SwaggerGeneratorException: Failed to generate schema for type - BookStore.Models.Author. See inner exception
 ---> System.InvalidOperationException: Can't use schemaId "$Author" for type "$BookStore.Models.Author". The same schemaId is already used for type "$BookStore.Entities.Author"
   at Swashbuckle.AspNetCore.SwaggerGen.SchemaRepository.RegisterType(Type type, String schemaId)
   at Swashbuckle.AspNetCore.SwaggerGen.SchemaGenerator.GenerateReferencedSchema(DataContract dataContract, SchemaRepository schemaRepository, Func`1 definitionFactory)
   at Swashbuckle.AspNetCore.SwaggerGen.SchemaGenerator.GenerateConcreteSchema(DataContract dataContract, SchemaRepository schemaRepository)
   at Swashbuckle.AspNetCore.SwaggerGen.SchemaGenerator.GenerateSchemaForType(Type modelType, SchemaRepository schemaRepository)
   at Swashbuckle.AspNetCore.SwaggerGen.SchemaGenerator.GenerateSchema(Type modelType, SchemaRepository schemaRepository, MemberInfo memberInfo, ParameterInfo parameterInfo, ApiParameterRouteInfo routeInfo)
   at Swashbuckle.AspNetCore.SwaggerGen.SwaggerGenerator.GenerateSchema(Type type, SchemaRepository schemaRepository, PropertyInfo propertyInfo, ParameterInfo parameterInfo, ApiParameterRouteInfo routeInfo)
   --- End of inner exception stack trace ---
   at Swashbuckle.AspNetCore.SwaggerGen.SwaggerGenerator.GenerateSchema(Type type, SchemaRepository schemaRepository, PropertyInfo propertyInfo, ParameterInfo parameterInfo, ApiParameterRouteInfo routeInfo)
   at Swashbuckle.AspNetCore.SwaggerGen.SwaggerGenerator.CreateResponseMediaType(ModelMetadata modelMetadata, SchemaRepository schemaRespository)
   at Swashbuckle.AspNetCore.SwaggerGen.SwaggerGenerator.<>c__DisplayClass25_0.<GenerateResponse>b__2(String contentType)
   at System.Linq.Enumerable.ToDictionary[TSource,TKey,TElement](IEnumerable`1 source, Func`2 keySelector, Func`2 elementSelector, IEqualityComparer`1 comparer)
   at System.Linq.Enumerable.ToDictionary[TSource,TKey,TElement](IEnumerable`1 source, Func`2 keySelector, Func`2 elementSelector)
   at Swashbuckle.AspNetCore.SwaggerGen.SwaggerGenerator.GenerateResponse(ApiDescription apiDescription, SchemaRepository schemaRepository, String statusCode, ApiResponseType apiResponseType)
   at Swashbuckle.AspNetCore.SwaggerGen.SwaggerGenerator.GenerateResponses(ApiDescription apiDescription, SchemaRepository schemaRepository)
   at Swashbuckle.AspNetCore.SwaggerGen.SwaggerGenerator.GenerateOperation(ApiDescription apiDescription, SchemaRepository schemaRepository)
   --- End of inner exception stack trace ---
   at Swashbuckle.AspNetCore.SwaggerGen.SwaggerGenerator.GenerateOperation(ApiDescription apiDescription, SchemaRepository schemaRepository)
   at Swashbuckle.AspNetCore.SwaggerGen.SwaggerGenerator.GenerateOperations(IEnumerable`1 apiDescriptions, SchemaRepository schemaRepository)
   at Swashbuckle.AspNetCore.SwaggerGen.SwaggerGenerator.GeneratePaths(IEnumerable`1 apiDescriptions, SchemaRepository schemaRepository)
   at Swashbuckle.AspNetCore.SwaggerGen.SwaggerGenerator.GetSwaggerDocumentWithoutFilters(String documentName, String host, String basePath)
   at Swashbuckle.AspNetCore.SwaggerGen.SwaggerGenerator.GetSwaggerAsync(String documentName, String host, String basePath)
   at Swashbuckle.AspNetCore.Swagger.SwaggerMiddleware.Invoke(HttpContext httpContext, ISwaggerProvider swaggerProvider)
   at Microsoft.AspNetCore.Authentication.AuthenticationMiddleware.Invoke(HttpContext context)
   at Microsoft.AspNetCore.Diagnostics.DeveloperExceptionPageMiddlewareImpl.Invoke(HttpContext context)

2024-08-03 11:28:18.759 +05:30  INF  Request finished HTTP/2 GET https://localhost:7136/swagger/v1/swagger.json - 500 null text/plain; charset=utf-8 201.0672ms
2024-08-03 11:29:20.917 +05:30  INF  Now listening on: https://localhost:7136
2024-08-03 11:29:20.978 +05:30  INF  Now listening on: http://localhost:5192
2024-08-03 11:29:20.990 +05:30  INF  Application started. Press Ctrl+C to shut down.
2024-08-03 11:29:20.994 +05:30  INF  Hosting environment: Development
2024-08-03 11:29:20.994 +05:30  INF  Content root path: D:\Users\sreevidya\source\repos\BookStoreserver_.net\BookStore\BookStore
2024-08-03 11:29:27.349 +05:30  INF  Request starting HTTP/2 GET https://localhost:7136/swagger/index.html - null null
2024-08-03 11:29:27.754 +05:30  INF  Request finished HTTP/2 GET https://localhost:7136/swagger/index.html - 200 null text/html;charset=utf-8 413.6374ms
2024-08-03 11:29:29.564 +05:30  INF  Request starting HTTP/2 GET https://localhost:7136/_framework/aspnetcore-browser-refresh.js - null null
2024-08-03 11:29:29.607 +05:30  INF  Request starting HTTP/2 GET https://localhost:7136/_vs/browserLink - null null
2024-08-03 11:29:29.622 +05:30  INF  Request finished HTTP/2 GET https://localhost:7136/_framework/aspnetcore-browser-refresh.js - 200 13754 application/javascript; charset=utf-8 58.2774ms
2024-08-03 11:29:29.861 +05:30  INF  Request finished HTTP/2 GET https://localhost:7136/_vs/browserLink - 200 null text/javascript; charset=UTF-8 253.9268ms
2024-08-03 11:29:30.091 +05:30  INF  Request starting HTTP/2 GET https://localhost:7136/swagger/v1/swagger.json - null null
2024-08-03 11:29:30.279 +05:30  ERR  An unhandled exception has occurred while executing the request.Swashbuckle.AspNetCore.SwaggerGen.SwaggerGeneratorException: Failed to generate Operation for action - BookStore.Controllers.AuthorController.getAuthors (BookStore). See inner exception
 ---> Swashbuckle.AspNetCore.SwaggerGen.SwaggerGeneratorException: Failed to generate schema for type - BookStore.Models.Author. See inner exception
 ---> System.InvalidOperationException: Can't use schemaId "$Author" for type "$BookStore.Models.Author". The same schemaId is already used for type "$BookStore.Entities.Author"
   at Swashbuckle.AspNetCore.SwaggerGen.SchemaRepository.RegisterType(Type type, String schemaId)
   at Swashbuckle.AspNetCore.SwaggerGen.SchemaGenerator.GenerateReferencedSchema(DataContract dataContract, SchemaRepository schemaRepository, Func`1 definitionFactory)
   at Swashbuckle.AspNetCore.SwaggerGen.SchemaGenerator.GenerateConcreteSchema(DataContract dataContract, SchemaRepository schemaRepository)
   at Swashbuckle.AspNetCore.SwaggerGen.SchemaGenerator.GenerateSchemaForType(Type modelType, SchemaRepository schemaRepository)
   at Swashbuckle.AspNetCore.SwaggerGen.SchemaGenerator.GenerateSchema(Type modelType, SchemaRepository schemaRepository, MemberInfo memberInfo, ParameterInfo parameterInfo, ApiParameterRouteInfo routeInfo)
   at Swashbuckle.AspNetCore.SwaggerGen.SwaggerGenerator.GenerateSchema(Type type, SchemaRepository schemaRepository, PropertyInfo propertyInfo, ParameterInfo parameterInfo, ApiParameterRouteInfo routeInfo)
   --- End of inner exception stack trace ---
   at Swashbuckle.AspNetCore.SwaggerGen.SwaggerGenerator.GenerateSchema(Type type, SchemaRepository schemaRepository, PropertyInfo propertyInfo, ParameterInfo parameterInfo, ApiParameterRouteInfo routeInfo)
   at Swashbuckle.AspNetCore.SwaggerGen.SwaggerGenerator.CreateResponseMediaType(ModelMetadata modelMetadata, SchemaRepository schemaRespository)
   at Swashbuckle.AspNetCore.SwaggerGen.SwaggerGenerator.<>c__DisplayClass25_0.<GenerateResponse>b__2(String contentType)
   at System.Linq.Enumerable.ToDictionary[TSource,TKey,TElement](IEnumerable`1 source, Func`2 keySelector, Func`2 elementSelector, IEqualityComparer`1 comparer)
   at System.Linq.Enumerable.ToDictionary[TSource,TKey,TElement](IEnumerable`1 source, Func`2 keySelector, Func`2 elementSelector)
   at Swashbuckle.AspNetCore.SwaggerGen.SwaggerGenerator.GenerateResponse(ApiDescription apiDescription, SchemaRepository schemaRepository, String statusCode, ApiResponseType apiResponseType)
   at Swashbuckle.AspNetCore.SwaggerGen.SwaggerGenerator.GenerateResponses(ApiDescription apiDescription, SchemaRepository schemaRepository)
   at Swashbuckle.AspNetCore.SwaggerGen.SwaggerGenerator.GenerateOperation(ApiDescription apiDescription, SchemaRepository schemaRepository)
   --- End of inner exception stack trace ---
   at Swashbuckle.AspNetCore.SwaggerGen.SwaggerGenerator.GenerateOperation(ApiDescription apiDescription, SchemaRepository schemaRepository)
   at Swashbuckle.AspNetCore.SwaggerGen.SwaggerGenerator.GenerateOperations(IEnumerable`1 apiDescriptions, SchemaRepository schemaRepository)
   at Swashbuckle.AspNetCore.SwaggerGen.SwaggerGenerator.GeneratePaths(IEnumerable`1 apiDescriptions, SchemaRepository schemaRepository)
   at Swashbuckle.AspNetCore.SwaggerGen.SwaggerGenerator.GetSwaggerDocumentWithoutFilters(String documentName, String host, String basePath)
   at Swashbuckle.AspNetCore.SwaggerGen.SwaggerGenerator.GetSwaggerAsync(String documentName, String host, String basePath)
   at Swashbuckle.AspNetCore.Swagger.SwaggerMiddleware.Invoke(HttpContext httpContext, ISwaggerProvider swaggerProvider)
   at Microsoft.AspNetCore.Authentication.AuthenticationMiddleware.Invoke(HttpContext context)
   at Microsoft.AspNetCore.Diagnostics.DeveloperExceptionPageMiddlewareImpl.Invoke(HttpContext context)

2024-08-03 11:29:30.346 +05:30  INF  Request finished HTTP/2 GET https://localhost:7136/swagger/v1/swagger.json - 500 null text/plain; charset=utf-8 255.2184ms
2024-08-03 11:31:31.739 +05:30  INF  Now listening on: https://localhost:7136
2024-08-03 11:31:31.787 +05:30  INF  Now listening on: http://localhost:5192
2024-08-03 11:31:31.789 +05:30  INF  Application started. Press Ctrl+C to shut down.
2024-08-03 11:31:31.789 +05:30  INF  Hosting environment: Development
2024-08-03 11:31:31.789 +05:30  INF  Content root path: D:\Users\sreevidya\source\repos\BookStoreserver_.net\BookStore\BookStore
2024-08-03 11:31:35.883 +05:30  INF  Request starting HTTP/2 GET https://localhost:7136/swagger/index.html - null null
2024-08-03 11:31:36.448 +05:30  INF  Request finished HTTP/2 GET https://localhost:7136/swagger/index.html - 200 null text/html;charset=utf-8 572.2841ms
2024-08-03 11:31:36.659 +05:30  INF  Request starting HTTP/2 GET https://localhost:7136/_framework/aspnetcore-browser-refresh.js - null null
2024-08-03 11:31:36.677 +05:30  INF  Request starting HTTP/2 GET https://localhost:7136/_vs/browserLink - null null
2024-08-03 11:31:36.697 +05:30  INF  Request finished HTTP/2 GET https://localhost:7136/_framework/aspnetcore-browser-refresh.js - 200 13754 application/javascript; charset=utf-8 37.7346ms
2024-08-03 11:31:36.884 +05:30  INF  Request finished HTTP/2 GET https://localhost:7136/_vs/browserLink - 200 null text/javascript; charset=UTF-8 207.0618ms
2024-08-03 11:31:36.985 +05:30  INF  Request starting HTTP/2 GET https://localhost:7136/swagger/v1/swagger.json - null null
2024-08-03 11:31:37.176 +05:30  ERR  An unhandled exception has occurred while executing the request.Swashbuckle.AspNetCore.SwaggerGen.SwaggerGeneratorException: Failed to generate Operation for action - BookStore.Controllers.AuthorController.getAuthors (BookStore). See inner exception
 ---> Swashbuckle.AspNetCore.SwaggerGen.SwaggerGeneratorException: Failed to generate schema for type - BookStore.Models.Author. See inner exception
 ---> System.InvalidOperationException: Can't use schemaId "$Author" for type "$BookStore.Models.Author". The same schemaId is already used for type "$BookStore.Entities.Author"
   at Swashbuckle.AspNetCore.SwaggerGen.SchemaRepository.RegisterType(Type type, String schemaId)
   at Swashbuckle.AspNetCore.SwaggerGen.SchemaGenerator.GenerateReferencedSchema(DataContract dataContract, SchemaRepository schemaRepository, Func`1 definitionFactory)
   at Swashbuckle.AspNetCore.SwaggerGen.SchemaGenerator.GenerateConcreteSchema(DataContract dataContract, SchemaRepository schemaRepository)
   at Swashbuckle.AspNetCore.SwaggerGen.SchemaGenerator.GenerateSchemaForType(Type modelType, SchemaRepository schemaRepository)
   at Swashbuckle.AspNetCore.SwaggerGen.SchemaGenerator.GenerateSchema(Type modelType, SchemaRepository schemaRepository, MemberInfo memberInfo, ParameterInfo parameterInfo, ApiParameterRouteInfo routeInfo)
   at Swashbuckle.AspNetCore.SwaggerGen.SwaggerGenerator.GenerateSchema(Type type, SchemaRepository schemaRepository, PropertyInfo propertyInfo, ParameterInfo parameterInfo, ApiParameterRouteInfo routeInfo)
   --- End of inner exception stack trace ---
   at Swashbuckle.AspNetCore.SwaggerGen.SwaggerGenerator.GenerateSchema(Type type, SchemaRepository schemaRepository, PropertyInfo propertyInfo, ParameterInfo parameterInfo, ApiParameterRouteInfo routeInfo)
   at Swashbuckle.AspNetCore.SwaggerGen.SwaggerGenerator.CreateResponseMediaType(ModelMetadata modelMetadata, SchemaRepository schemaRespository)
   at Swashbuckle.AspNetCore.SwaggerGen.SwaggerGenerator.<>c__DisplayClass25_0.<GenerateResponse>b__2(String contentType)
   at System.Linq.Enumerable.ToDictionary[TSource,TKey,TElement](IEnumerable`1 source, Func`2 keySelector, Func`2 elementSelector, IEqualityComparer`1 comparer)
   at System.Linq.Enumerable.ToDictionary[TSource,TKey,TElement](IEnumerable`1 source, Func`2 keySelector, Func`2 elementSelector)
   at Swashbuckle.AspNetCore.SwaggerGen.SwaggerGenerator.GenerateResponse(ApiDescription apiDescription, SchemaRepository schemaRepository, String statusCode, ApiResponseType apiResponseType)
   at Swashbuckle.AspNetCore.SwaggerGen.SwaggerGenerator.GenerateResponses(ApiDescription apiDescription, SchemaRepository schemaRepository)
   at Swashbuckle.AspNetCore.SwaggerGen.SwaggerGenerator.GenerateOperation(ApiDescription apiDescription, SchemaRepository schemaRepository)
   --- End of inner exception stack trace ---
   at Swashbuckle.AspNetCore.SwaggerGen.SwaggerGenerator.GenerateOperation(ApiDescription apiDescription, SchemaRepository schemaRepository)
   at Swashbuckle.AspNetCore.SwaggerGen.SwaggerGenerator.GenerateOperations(IEnumerable`1 apiDescriptions, SchemaRepository schemaRepository)
   at Swashbuckle.AspNetCore.SwaggerGen.SwaggerGenerator.GeneratePaths(IEnumerable`1 apiDescriptions, SchemaRepository schemaRepository)
   at Swashbuckle.AspNetCore.SwaggerGen.SwaggerGenerator.GetSwaggerDocumentWithoutFilters(String documentName, String host, String basePath)
   at Swashbuckle.AspNetCore.SwaggerGen.SwaggerGenerator.GetSwaggerAsync(String documentName, String host, String basePath)
   at Swashbuckle.AspNetCore.Swagger.SwaggerMiddleware.Invoke(HttpContext httpContext, ISwaggerProvider swaggerProvider)
   at Microsoft.AspNetCore.Authentication.AuthenticationMiddleware.Invoke(HttpContext context)
   at Microsoft.AspNetCore.Diagnostics.DeveloperExceptionPageMiddlewareImpl.Invoke(HttpContext context)

2024-08-03 11:31:37.217 +05:30  INF  Request finished HTTP/2 GET https://localhost:7136/swagger/v1/swagger.json - 500 null text/plain; charset=utf-8 231.48ms
2024-08-03 11:34:27.216 +05:30  INF  Now listening on: https://localhost:7136
2024-08-03 11:34:27.272 +05:30  INF  Now listening on: http://localhost:5192
2024-08-03 11:34:27.274 +05:30  INF  Application started. Press Ctrl+C to shut down.
2024-08-03 11:34:27.275 +05:30  INF  Hosting environment: Development
2024-08-03 11:34:27.275 +05:30  INF  Content root path: D:\Users\sreevidya\source\repos\BookStoreserver_.net\BookStore\BookStore
2024-08-03 11:34:30.688 +05:30  INF  Request starting HTTP/2 GET https://localhost:7136/swagger/index.html - null null
2024-08-03 11:34:31.445 +05:30  INF  Request finished HTTP/2 GET https://localhost:7136/swagger/index.html - 200 null text/html;charset=utf-8 764.6286ms
2024-08-03 11:34:31.609 +05:30  INF  Request starting HTTP/2 GET https://localhost:7136/_framework/aspnetcore-browser-refresh.js - null null
2024-08-03 11:34:31.620 +05:30  INF  Request starting HTTP/2 GET https://localhost:7136/_vs/browserLink - null null
2024-08-03 11:34:31.664 +05:30  INF  Request finished HTTP/2 GET https://localhost:7136/_framework/aspnetcore-browser-refresh.js - 200 13754 application/javascript; charset=utf-8 55.1487ms
2024-08-03 11:34:31.868 +05:30  INF  Request finished HTTP/2 GET https://localhost:7136/_vs/browserLink - 200 null text/javascript; charset=UTF-8 248.3465ms
2024-08-03 11:34:32.116 +05:30  INF  Request starting HTTP/2 GET https://localhost:7136/swagger/v1/swagger.json - null null
2024-08-03 11:34:32.292 +05:30  ERR  An unhandled exception has occurred while executing the request.Swashbuckle.AspNetCore.SwaggerGen.SwaggerGeneratorException: Failed to generate Operation for action - BookStore.Controllers.AuthorController.getAuthors (BookStore). See inner exception
 ---> Swashbuckle.AspNetCore.SwaggerGen.SwaggerGeneratorException: Failed to generate schema for type - BookStore.Models.Author. See inner exception
 ---> System.InvalidOperationException: Can't use schemaId "$Author" for type "$BookStore.Models.Author". The same schemaId is already used for type "$BookStore.Entities.Author"
   at Swashbuckle.AspNetCore.SwaggerGen.SchemaRepository.RegisterType(Type type, String schemaId)
   at Swashbuckle.AspNetCore.SwaggerGen.SchemaGenerator.GenerateReferencedSchema(DataContract dataContract, SchemaRepository schemaRepository, Func`1 definitionFactory)
   at Swashbuckle.AspNetCore.SwaggerGen.SchemaGenerator.GenerateConcreteSchema(DataContract dataContract, SchemaRepository schemaRepository)
   at Swashbuckle.AspNetCore.SwaggerGen.SchemaGenerator.GenerateSchemaForType(Type modelType, SchemaRepository schemaRepository)
   at Swashbuckle.AspNetCore.SwaggerGen.SchemaGenerator.GenerateSchema(Type modelType, SchemaRepository schemaRepository, MemberInfo memberInfo, ParameterInfo parameterInfo, ApiParameterRouteInfo routeInfo)
   at Swashbuckle.AspNetCore.SwaggerGen.SwaggerGenerator.GenerateSchema(Type type, SchemaRepository schemaRepository, PropertyInfo propertyInfo, ParameterInfo parameterInfo, ApiParameterRouteInfo routeInfo)
   --- End of inner exception stack trace ---
   at Swashbuckle.AspNetCore.SwaggerGen.SwaggerGenerator.GenerateSchema(Type type, SchemaRepository schemaRepository, PropertyInfo propertyInfo, ParameterInfo parameterInfo, ApiParameterRouteInfo routeInfo)
   at Swashbuckle.AspNetCore.SwaggerGen.SwaggerGenerator.CreateResponseMediaType(ModelMetadata modelMetadata, SchemaRepository schemaRespository)
   at Swashbuckle.AspNetCore.SwaggerGen.SwaggerGenerator.<>c__DisplayClass25_0.<GenerateResponse>b__2(String contentType)
   at System.Linq.Enumerable.ToDictionary[TSource,TKey,TElement](IEnumerable`1 source, Func`2 keySelector, Func`2 elementSelector, IEqualityComparer`1 comparer)
   at System.Linq.Enumerable.ToDictionary[TSource,TKey,TElement](IEnumerable`1 source, Func`2 keySelector, Func`2 elementSelector)
   at Swashbuckle.AspNetCore.SwaggerGen.SwaggerGenerator.GenerateResponse(ApiDescription apiDescription, SchemaRepository schemaRepository, String statusCode, ApiResponseType apiResponseType)
   at Swashbuckle.AspNetCore.SwaggerGen.SwaggerGenerator.GenerateResponses(ApiDescription apiDescription, SchemaRepository schemaRepository)
   at Swashbuckle.AspNetCore.SwaggerGen.SwaggerGenerator.GenerateOperation(ApiDescription apiDescription, SchemaRepository schemaRepository)
   --- End of inner exception stack trace ---
   at Swashbuckle.AspNetCore.SwaggerGen.SwaggerGenerator.GenerateOperation(ApiDescription apiDescription, SchemaRepository schemaRepository)
   at Swashbuckle.AspNetCore.SwaggerGen.SwaggerGenerator.GenerateOperations(IEnumerable`1 apiDescriptions, SchemaRepository schemaRepository)
   at Swashbuckle.AspNetCore.SwaggerGen.SwaggerGenerator.GeneratePaths(IEnumerable`1 apiDescriptions, SchemaRepository schemaRepository)
   at Swashbuckle.AspNetCore.SwaggerGen.SwaggerGenerator.GetSwaggerDocumentWithoutFilters(String documentName, String host, String basePath)
   at Swashbuckle.AspNetCore.SwaggerGen.SwaggerGenerator.GetSwaggerAsync(String documentName, String host, String basePath)
   at Swashbuckle.AspNetCore.Swagger.SwaggerMiddleware.Invoke(HttpContext httpContext, ISwaggerProvider swaggerProvider)
   at Microsoft.AspNetCore.Authentication.AuthenticationMiddleware.Invoke(HttpContext context)
   at Microsoft.AspNetCore.Diagnostics.DeveloperExceptionPageMiddlewareImpl.Invoke(HttpContext context)

2024-08-03 11:34:32.329 +05:30  INF  Request finished HTTP/2 GET https://localhost:7136/swagger/v1/swagger.json - 500 null text/plain; charset=utf-8 212.5645ms
2024-08-03 11:36:33.979 +05:30  INF  Now listening on: https://localhost:7136
2024-08-03 11:36:34.026 +05:30  INF  Now listening on: http://localhost:5192
2024-08-03 11:36:34.029 +05:30  INF  Application started. Press Ctrl+C to shut down.
2024-08-03 11:36:34.030 +05:30  INF  Hosting environment: Development
2024-08-03 11:36:34.030 +05:30  INF  Content root path: D:\Users\sreevidya\source\repos\BookStoreserver_.net\BookStore\BookStore
2024-08-03 11:36:39.347 +05:30  INF  Request starting HTTP/2 GET https://localhost:7136/swagger/index.html - null null
2024-08-03 11:36:39.986 +05:30  INF  Request finished HTTP/2 GET https://localhost:7136/swagger/index.html - 200 null text/html;charset=utf-8 644.7838ms
2024-08-03 11:36:43.079 +05:30  INF  Request starting HTTP/2 GET https://localhost:7136/_framework/aspnetcore-browser-refresh.js - null null
2024-08-03 11:36:43.092 +05:30  INF  Request starting HTTP/2 GET https://localhost:7136/_vs/browserLink - null null
2024-08-03 11:36:43.095 +05:30  INF  Request finished HTTP/2 GET https://localhost:7136/_framework/aspnetcore-browser-refresh.js - 200 13754 application/javascript; charset=utf-8 16.5246ms
2024-08-03 11:36:43.403 +05:30  INF  Request finished HTTP/2 GET https://localhost:7136/_vs/browserLink - 200 null text/javascript; charset=UTF-8 311.592ms
2024-08-03 11:36:43.625 +05:30  INF  Request starting HTTP/2 GET https://localhost:7136/swagger/v1/swagger.json - null null
2024-08-03 11:36:44.053 +05:30  INF  Request finished HTTP/2 GET https://localhost:7136/swagger/v1/swagger.json - 200 null application/json;charset=utf-8 428.1329ms
2024-08-03 11:42:29.013 +05:30  INF  Now listening on: https://localhost:7136
2024-08-03 11:42:29.062 +05:30  INF  Now listening on: http://localhost:5192
2024-08-03 11:42:29.066 +05:30  INF  Application started. Press Ctrl+C to shut down.
2024-08-03 11:42:29.066 +05:30  INF  Hosting environment: Development
2024-08-03 11:42:29.066 +05:30  INF  Content root path: D:\Users\sreevidya\source\repos\BookStoreserver_.net\BookStore\BookStore
2024-08-03 11:42:32.090 +05:30  INF  Request starting HTTP/2 GET https://localhost:7136/swagger/index.html - null null
2024-08-03 11:42:32.552 +05:30  INF  Request finished HTTP/2 GET https://localhost:7136/swagger/index.html - 200 null text/html;charset=utf-8 467.582ms
2024-08-03 11:42:32.834 +05:30  INF  Request starting HTTP/2 GET https://localhost:7136/_framework/aspnetcore-browser-refresh.js - null null
2024-08-03 11:42:32.838 +05:30  INF  Request starting HTTP/2 GET https://localhost:7136/_vs/browserLink - null null
2024-08-03 11:42:32.851 +05:30  INF  Request finished HTTP/2 GET https://localhost:7136/_framework/aspnetcore-browser-refresh.js - 200 13754 application/javascript; charset=utf-8 17.0104ms
2024-08-03 11:42:33.019 +05:30  INF  Request finished HTTP/2 GET https://localhost:7136/_vs/browserLink - 200 null text/javascript; charset=UTF-8 180.3159ms
2024-08-03 11:42:33.299 +05:30  INF  Request starting HTTP/2 GET https://localhost:7136/swagger/v1/swagger.json - null null
2024-08-03 11:42:33.530 +05:30  INF  Request finished HTTP/2 GET https://localhost:7136/swagger/v1/swagger.json - 200 null application/json;charset=utf-8 231.547ms
2024-08-03 11:42:49.811 +05:30  INF  Request starting HTTP/2 GET https://localhost:7136/Author - null null
2024-08-03 11:42:49.823 +05:30  INF  Executing endpoint 'BookStore.Controllers.AuthorController.GetAuthors (BookStore)'
2024-08-03 11:42:49.881 +05:30  INF  Route matched with {action = "GetAuthors", controller = "Author"}. Executing controller action with signature System.Threading.Tasks.Task`1[Microsoft.AspNetCore.Mvc.ActionResult`1[System.Collections.Generic.IEnumerable`1[BookStore.Models.Author]]] GetAuthors() on controller BookStore.Controllers.AuthorController (BookStore).
2024-08-03 11:42:55.420 +05:30  INF  Executed DbCommand (153ms) [Parameters=[], CommandType='"Text"', CommandTimeout='30']
SELECT [a].[author_id], [a].[CreatedAt], [a].[UpdatedAt], [a].[author_image], [a].[biography], [a].[name]
FROM [Authors] AS [a]
2024-08-03 11:42:55.681 +05:30  INF  Executing OkObjectResult, writing value of type 'System.Collections.Generic.List`1[[BookStore.Entities.Author, BookStore, Version=1.0.0.0, Culture=neutral, PublicKeyToken=null]]'.
2024-08-03 11:42:55.710 +05:30  INF  Executed action BookStore.Controllers.AuthorController.GetAuthors (BookStore) in 5823.4041ms
2024-08-03 11:42:55.711 +05:30  INF  Executed endpoint 'BookStore.Controllers.AuthorController.GetAuthors (BookStore)'
2024-08-03 11:42:55.725 +05:30  INF  Request finished HTTP/2 GET https://localhost:7136/Author - 200 null application/json; charset=utf-8 5913.5462ms
2024-08-03 11:43:25.672 +05:30  INF  Request starting HTTP/2 GET https://localhost:7136/Author/1 - null null
2024-08-03 11:43:25.675 +05:30  INF  Executing endpoint 'BookStore.Controllers.AuthorController.getAuthors (BookStore)'
2024-08-03 11:43:25.726 +05:30  INF  Route matched with {action = "getAuthors", controller = "Author"}. Executing controller action with signature System.Threading.Tasks.Task`1[Microsoft.AspNetCore.Mvc.ActionResult`1[BookStore.Models.Author]] getAuthors(Int32) on controller BookStore.Controllers.AuthorController (BookStore).
2024-08-03 11:43:26.133 +05:30  INF  Executed DbCommand (135ms) [Parameters=[@__id_0='?' (DbType = Int32)], CommandType='"Text"', CommandTimeout='30']
SELECT TOP(1) [a].[author_id], [a].[CreatedAt], [a].[UpdatedAt], [a].[author_image], [a].[biography], [a].[name]
FROM [Authors] AS [a]
WHERE [a].[author_id] = @__id_0
2024-08-03 11:43:26.139 +05:30  INF  Executing OkObjectResult, writing value of type 'BookStore.Models.Author'.
2024-08-03 11:43:26.142 +05:30  INF  Executed action BookStore.Controllers.AuthorController.getAuthors (BookStore) in 415.5602ms
2024-08-03 11:43:26.142 +05:30  INF  Executed endpoint 'BookStore.Controllers.AuthorController.getAuthors (BookStore)'
2024-08-03 11:43:26.146 +05:30  INF  Request finished HTTP/2 GET https://localhost:7136/Author/1 - 200 null application/json; charset=utf-8 474.8245ms
2024-08-03 11:43:41.683 +05:30  INF  Request starting HTTP/2 DELETE https://localhost:7136/Author/1 - null null
2024-08-03 11:43:41.684 +05:30  INF  Executing endpoint 'BookStore.Controllers.AuthorController.DeleteAuthor (BookStore)'
2024-08-03 11:43:41.690 +05:30  INF  Route matched with {action = "DeleteAuthor", controller = "Author"}. Executing controller action with signature System.Threading.Tasks.Task`1[Microsoft.AspNetCore.Mvc.IActionResult] DeleteAuthor(Int32) on controller BookStore.Controllers.AuthorController (BookStore).
2024-08-03 11:43:41.798 +05:30  INF  Executed DbCommand (1ms) [Parameters=[@__id_0='?' (DbType = Int32)], CommandType='"Text"', CommandTimeout='30']
SELECT TOP(1) [a].[author_id], [a].[CreatedAt], [a].[UpdatedAt], [a].[author_image], [a].[biography], [a].[name]
FROM [Authors] AS [a]
WHERE [a].[author_id] = @__id_0
2024-08-03 11:43:41.823 +05:30  INF  Executed DbCommand (15ms) [Parameters=[@__id_0='?' (DbType = Int32)], CommandType='"Text"', CommandTimeout='30']
SELECT TOP(1) [b].[book_id], [b].[AuthorAuthorId], [b].[CreatedAt], [b].[GenreGenreId], [b].[UpdatedAt], [b].[book_image], [b].[offerOfferId], [b].[price], [b].[publication_date], [b].[title]
FROM [Books] AS [b]
WHERE [b].[AuthorAuthorId] = @__id_0
2024-08-03 11:43:41.943 +05:30  INF  Executing ForbidResult with authentication schemes (["Seems like author have one or more books"]).
2024-08-03 11:43:41.968 +05:30  INF  Executed action BookStore.Controllers.AuthorController.DeleteAuthor (BookStore) in 277.8192ms
2024-08-03 11:43:41.968 +05:30  INF  Executed endpoint 'BookStore.Controllers.AuthorController.DeleteAuthor (BookStore)'
2024-08-03 11:43:41.972 +05:30  ERR  An unhandled exception has occurred while executing the request.System.InvalidOperationException: No authentication handlers are registered. Did you forget to call AddAuthentication().Add[SomeAuthHandler]("Seems like author have one or more books",...)?
   at Microsoft.AspNetCore.Authentication.AuthenticationService.ForbidAsync(HttpContext context, String scheme, AuthenticationProperties properties)
   at Microsoft.AspNetCore.Mvc.ForbidResult.ExecuteResultAsync(ActionContext context)
   at Microsoft.AspNetCore.Mvc.Infrastructure.ResourceInvoker.<InvokeNextResultFilterAsync>g__Awaited|30_0[TFilter,TFilterAsync](ResourceInvoker invoker, Task lastTask, State next, Scope scope, Object state, Boolean isCompleted)
   at Microsoft.AspNetCore.Mvc.Infrastructure.ResourceInvoker.Rethrow(ResultExecutedContextSealed context)
   at Microsoft.AspNetCore.Mvc.Infrastructure.ResourceInvoker.ResultNext[TFilter,TFilterAsync](State& next, Scope& scope, Object& state, Boolean& isCompleted)
   at Microsoft.AspNetCore.Mvc.Infrastructure.ResourceInvoker.InvokeResultFilters()
--- End of stack trace from previous location ---
   at Microsoft.AspNetCore.Mvc.Infrastructure.ResourceInvoker.<InvokeFilterPipelineAsync>g__Awaited|20_0(ResourceInvoker invoker, Task lastTask, State next, Scope scope, Object state, Boolean isCompleted)
   at Microsoft.AspNetCore.Mvc.Infrastructure.ResourceInvoker.<InvokeAsync>g__Logged|17_1(ResourceInvoker invoker)
   at Microsoft.AspNetCore.Mvc.Infrastructure.ResourceInvoker.<InvokeAsync>g__Logged|17_1(ResourceInvoker invoker)
   at Microsoft.AspNetCore.Routing.EndpointMiddleware.<Invoke>g__AwaitRequestTask|7_0(Endpoint endpoint, Task requestTask, ILogger logger)
   at Microsoft.AspNetCore.Authorization.AuthorizationMiddleware.Invoke(HttpContext context)
   at Swashbuckle.AspNetCore.SwaggerUI.SwaggerUIMiddleware.Invoke(HttpContext httpContext)
   at Swashbuckle.AspNetCore.Swagger.SwaggerMiddleware.Invoke(HttpContext httpContext, ISwaggerProvider swaggerProvider)
   at Microsoft.AspNetCore.Authentication.AuthenticationMiddleware.Invoke(HttpContext context)
   at Microsoft.AspNetCore.Diagnostics.DeveloperExceptionPageMiddlewareImpl.Invoke(HttpContext context)

2024-08-03 11:43:41.982 +05:30  INF  Request finished HTTP/2 DELETE https://localhost:7136/Author/1 - 500 null text/plain; charset=utf-8 299.9589ms
2024-08-03 11:44:38.018 +05:30  INF  Request starting HTTP/2 GET https://localhost:7136/Author/1 - null null
2024-08-03 11:44:38.019 +05:30  INF  Executing endpoint 'BookStore.Controllers.AuthorController.getAuthors (BookStore)'
2024-08-03 11:44:38.019 +05:30  INF  Route matched with {action = "getAuthors", controller = "Author"}. Executing controller action with signature System.Threading.Tasks.Task`1[Microsoft.AspNetCore.Mvc.ActionResult`1[BookStore.Models.Author]] getAuthors(Int32) on controller BookStore.Controllers.AuthorController (BookStore).
2024-08-03 11:44:38.035 +05:30  INF  Executed DbCommand (13ms) [Parameters=[@__id_0='?' (DbType = Int32)], CommandType='"Text"', CommandTimeout='30']
SELECT TOP(1) [a].[author_id], [a].[CreatedAt], [a].[UpdatedAt], [a].[author_image], [a].[biography], [a].[name]
FROM [Authors] AS [a]
WHERE [a].[author_id] = @__id_0
2024-08-03 11:44:38.037 +05:30  INF  Executing OkObjectResult, writing value of type 'BookStore.Models.Author'.
2024-08-03 11:44:38.037 +05:30  INF  Executed action BookStore.Controllers.AuthorController.getAuthors (BookStore) in 17.8454ms
2024-08-03 11:44:38.037 +05:30  INF  Executed endpoint 'BookStore.Controllers.AuthorController.getAuthors (BookStore)'
2024-08-03 11:44:38.037 +05:30  INF  Request finished HTTP/2 GET https://localhost:7136/Author/1 - 200 null application/json; charset=utf-8 19.8347ms
2024-08-03 11:48:12.448 +05:30  INF  Now listening on: https://localhost:7136
2024-08-03 11:48:12.518 +05:30  INF  Now listening on: http://localhost:5192
2024-08-03 11:48:12.521 +05:30  INF  Application started. Press Ctrl+C to shut down.
2024-08-03 11:48:12.522 +05:30  INF  Hosting environment: Development
2024-08-03 11:48:12.522 +05:30  INF  Content root path: D:\Users\sreevidya\source\repos\BookStoreserver_.net\BookStore\BookStore
2024-08-03 11:48:15.306 +05:30  INF  Request starting HTTP/2 GET https://localhost:7136/swagger/index.html - null null
2024-08-03 11:48:15.737 +05:30  INF  Request finished HTTP/2 GET https://localhost:7136/swagger/index.html - 200 null text/html;charset=utf-8 442.1058ms
2024-08-03 11:48:15.877 +05:30  INF  Request starting HTTP/2 GET https://localhost:7136/_framework/aspnetcore-browser-refresh.js - null null
2024-08-03 11:48:15.900 +05:30  INF  Request starting HTTP/2 GET https://localhost:7136/_vs/browserLink - null null
2024-08-03 11:48:15.903 +05:30  INF  Request finished HTTP/2 GET https://localhost:7136/_framework/aspnetcore-browser-refresh.js - 200 13754 application/javascript; charset=utf-8 26.8756ms
2024-08-03 11:48:16.076 +05:30  INF  Request finished HTTP/2 GET https://localhost:7136/_vs/browserLink - 200 null text/javascript; charset=UTF-8 176.5986ms
2024-08-03 11:48:16.348 +05:30  INF  Request starting HTTP/2 GET https://localhost:7136/swagger/v1/swagger.json - null null
2024-08-03 11:48:16.568 +05:30  INF  Request finished HTTP/2 GET https://localhost:7136/swagger/v1/swagger.json - 200 null application/json;charset=utf-8 219.9104ms
2024-08-03 11:48:27.364 +05:30  INF  Request starting HTTP/2 DELETE https://localhost:7136/Author/1 - null null
2024-08-03 11:48:27.382 +05:30  INF  Executing endpoint 'BookStore.Controllers.AuthorController.DeleteAuthor (BookStore)'
2024-08-03 11:48:27.421 +05:30  INF  Route matched with {action = "DeleteAuthor", controller = "Author"}. Executing controller action with signature System.Threading.Tasks.Task`1[Microsoft.AspNetCore.Mvc.IActionResult] DeleteAuthor(Int32) on controller BookStore.Controllers.AuthorController (BookStore).
2024-08-03 11:48:30.728 +05:30  INF  Executed DbCommand (131ms) [Parameters=[@__id_0='?' (DbType = Int32)], CommandType='"Text"', CommandTimeout='30']
SELECT TOP(1) [a].[author_id], [a].[CreatedAt], [a].[UpdatedAt], [a].[author_image], [a].[biography], [a].[name]
FROM [Authors] AS [a]
WHERE [a].[author_id] = @__id_0
2024-08-03 11:48:30.950 +05:30  INF  Executed DbCommand (7ms) [Parameters=[@__id_0='?' (DbType = Int32)], CommandType='"Text"', CommandTimeout='30']
SELECT TOP(1) [b].[book_id], [b].[AuthorAuthorId], [b].[CreatedAt], [b].[GenreGenreId], [b].[UpdatedAt], [b].[book_image], [b].[offerOfferId], [b].[price], [b].[publication_date], [b].[title]
FROM [Books] AS [b]
WHERE [b].[AuthorAuthorId] = @__id_0
2024-08-03 11:48:31.062 +05:30  INF  Executing ObjectResult, writing value of type 'System.String'.
2024-08-03 11:48:31.072 +05:30  INF  Executed action BookStore.Controllers.AuthorController.DeleteAuthor (BookStore) in 3645.6324ms
2024-08-03 11:48:31.072 +05:30  INF  Executed endpoint 'BookStore.Controllers.AuthorController.DeleteAuthor (BookStore)'
2024-08-03 11:48:31.097 +05:30  INF  Request finished HTTP/2 DELETE https://localhost:7136/Author/1 - 405 null text/plain; charset=utf-8 3732.8359ms
2024-08-03 11:54:15.325 +05:30  INF  Request starting HTTP/2 GET https://localhost:7136/Author - null null
2024-08-03 11:54:15.327 +05:30  INF  Executing endpoint 'BookStore.Controllers.AuthorController.GetAuthors (BookStore)'
2024-08-03 11:54:15.337 +05:30  INF  Route matched with {action = "GetAuthors", controller = "Author"}. Executing controller action with signature System.Threading.Tasks.Task`1[Microsoft.AspNetCore.Mvc.ActionResult`1[System.Collections.Generic.IEnumerable`1[BookStore.Models.Author]]] GetAuthors() on controller BookStore.Controllers.AuthorController (BookStore).
2024-08-03 11:54:15.471 +05:30  INF  Executed DbCommand (14ms) [Parameters=[], CommandType='"Text"', CommandTimeout='30']
SELECT [a].[author_id], [a].[CreatedAt], [a].[UpdatedAt], [a].[author_image], [a].[biography], [a].[name]
FROM [Authors] AS [a]
2024-08-03 11:54:15.526 +05:30  INF  Executing OkObjectResult, writing value of type 'System.Collections.Generic.List`1[[BookStore.Entities.Author, BookStore, Version=1.0.0.0, Culture=neutral, PublicKeyToken=null]]'.
2024-08-03 11:54:15.543 +05:30  INF  Executed action BookStore.Controllers.AuthorController.GetAuthors (BookStore) in 206.1406ms
2024-08-03 11:54:15.543 +05:30  INF  Executed endpoint 'BookStore.Controllers.AuthorController.GetAuthors (BookStore)'
2024-08-03 11:54:15.544 +05:30  INF  Request finished HTTP/2 GET https://localhost:7136/Author - 200 null application/json; charset=utf-8 218.3855ms
2024-08-03 11:54:25.596 +05:30  INF  Request starting HTTP/2 DELETE https://localhost:7136/Author/11 - null null
2024-08-03 11:54:25.596 +05:30  INF  Executing endpoint 'BookStore.Controllers.AuthorController.DeleteAuthor (BookStore)'
2024-08-03 11:54:25.597 +05:30  INF  Route matched with {action = "DeleteAuthor", controller = "Author"}. Executing controller action with signature System.Threading.Tasks.Task`1[Microsoft.AspNetCore.Mvc.IActionResult] DeleteAuthor(Int32) on controller BookStore.Controllers.AuthorController (BookStore).
2024-08-03 11:54:25.773 +05:30  INF  Executed DbCommand (3ms) [Parameters=[@__id_0='?' (DbType = Int32)], CommandType='"Text"', CommandTimeout='30']
SELECT TOP(1) [a].[author_id], [a].[CreatedAt], [a].[UpdatedAt], [a].[author_image], [a].[biography], [a].[name]
FROM [Authors] AS [a]
WHERE [a].[author_id] = @__id_0
2024-08-03 11:54:25.782 +05:30  INF  Executed DbCommand (7ms) [Parameters=[@__id_0='?' (DbType = Int32)], CommandType='"Text"', CommandTimeout='30']
SELECT TOP(1) [b].[book_id], [b].[AuthorAuthorId], [b].[CreatedAt], [b].[GenreGenreId], [b].[UpdatedAt], [b].[book_image], [b].[offerOfferId], [b].[price], [b].[publication_date], [b].[title]
FROM [Books] AS [b]
WHERE [b].[AuthorAuthorId] = @__id_0
2024-08-03 11:54:26.017 +05:30  INF  Executed DbCommand (16ms) [Parameters=[@p0='?' (DbType = Int32)], CommandType='"Text"', CommandTimeout='30']
SET IMPLICIT_TRANSACTIONS OFF;
SET NOCOUNT ON;
DELETE FROM [Authors]
OUTPUT 1
WHERE [author_id] = @p0;
2024-08-03 11:54:26.046 +05:30  WRN  The Author with id '11' is deleted
2024-08-03 11:54:26.046 +05:30  INF  Executing ObjectResult, writing value of type 'System.String'.
2024-08-03 11:54:26.054 +05:30  INF  Executed action BookStore.Controllers.AuthorController.DeleteAuthor (BookStore) in 457.2493ms
2024-08-03 11:54:26.055 +05:30  INF  Executed endpoint 'BookStore.Controllers.AuthorController.DeleteAuthor (BookStore)'
2024-08-03 11:54:26.062 +05:30  ERR  An unhandled exception has occurred while executing the request.System.InvalidOperationException: Writing to the response body is invalid for responses with status code 204.
   at Microsoft.AspNetCore.Server.Kestrel.Core.Internal.Http.HttpProtocol.Advance(Int32 bytes)
   at Microsoft.AspNetCore.Server.Kestrel.Core.Internal.Http.HttpResponsePipeWriter.Advance(Int32 bytes)
   at Microsoft.AspNetCore.Http.HttpResponseWritingExtensions.Write(HttpResponse response, String text, Encoding encoding)
   at Microsoft.AspNetCore.Http.HttpResponseWritingExtensions.WriteAsync(HttpResponse response, String text, Encoding encoding, CancellationToken cancellationToken)
   at Microsoft.AspNetCore.Mvc.Formatters.StringOutputFormatter.WriteResponseBodyAsync(OutputFormatterWriteContext context, Encoding encoding)
   at Microsoft.AspNetCore.Mvc.Formatters.TextOutputFormatter.WriteAsync(OutputFormatterWriteContext context)
   at Microsoft.AspNetCore.Mvc.Infrastructure.ObjectResultExecutor.ExecuteAsyncCore(ActionContext context, ObjectResult result, Type objectType, Object value)
   at Microsoft.AspNetCore.Mvc.Infrastructure.ObjectResultExecutor.ExecuteAsync(ActionContext context, ObjectResult result)
   at Microsoft.AspNetCore.Mvc.Infrastructure.ResourceInvoker.ResultNext[TFilter,TFilterAsync](State& next, Scope& scope, Object& state, Boolean& isCompleted)
   at Microsoft.AspNetCore.Mvc.Infrastructure.ResourceInvoker.InvokeNextResultFilterAsync[TFilter,TFilterAsync]()
--- End of stack trace from previous location ---
   at Microsoft.AspNetCore.Mvc.Infrastructure.ResourceInvoker.Rethrow(ResultExecutedContextSealed context)
   at Microsoft.AspNetCore.Mvc.Infrastructure.ResourceInvoker.ResultNext[TFilter,TFilterAsync](State& next, Scope& scope, Object& state, Boolean& isCompleted)
   at Microsoft.AspNetCore.Mvc.Infrastructure.ResourceInvoker.InvokeResultFilters()
--- End of stack trace from previous location ---
   at Microsoft.AspNetCore.Mvc.Infrastructure.ResourceInvoker.<InvokeFilterPipelineAsync>g__Awaited|20_0(ResourceInvoker invoker, Task lastTask, State next, Scope scope, Object state, Boolean isCompleted)
   at Microsoft.AspNetCore.Mvc.Infrastructure.ResourceInvoker.<InvokeAsync>g__Logged|17_1(ResourceInvoker invoker)
   at Microsoft.AspNetCore.Mvc.Infrastructure.ResourceInvoker.<InvokeAsync>g__Logged|17_1(ResourceInvoker invoker)
   at Microsoft.AspNetCore.Routing.EndpointMiddleware.<Invoke>g__AwaitRequestTask|7_0(Endpoint endpoint, Task requestTask, ILogger logger)
   at Microsoft.AspNetCore.Authorization.AuthorizationMiddleware.Invoke(HttpContext context)
   at Swashbuckle.AspNetCore.SwaggerUI.SwaggerUIMiddleware.Invoke(HttpContext httpContext)
   at Swashbuckle.AspNetCore.Swagger.SwaggerMiddleware.Invoke(HttpContext httpContext, ISwaggerProvider swaggerProvider)
   at Microsoft.AspNetCore.Authentication.AuthenticationMiddleware.Invoke(HttpContext context)
   at Microsoft.AspNetCore.Diagnostics.DeveloperExceptionPageMiddlewareImpl.Invoke(HttpContext context)

2024-08-03 11:54:26.079 +05:30  WRN  The response has already started, the error page middleware will not be executed.
2024-08-03 11:54:26.086 +05:30  ERR  Connection id "0HN5JGG6R101G", Request id "0HN5JGG6R101G:00000005": An unhandled exception was thrown by the application.System.InvalidOperationException: Writing to the response body is invalid for responses with status code 204.
   at Microsoft.AspNetCore.Server.Kestrel.Core.Internal.Http.HttpProtocol.Advance(Int32 bytes)
   at Microsoft.AspNetCore.Server.Kestrel.Core.Internal.Http.HttpResponsePipeWriter.Advance(Int32 bytes)
   at Microsoft.AspNetCore.Http.HttpResponseWritingExtensions.Write(HttpResponse response, String text, Encoding encoding)
   at Microsoft.AspNetCore.Http.HttpResponseWritingExtensions.WriteAsync(HttpResponse response, String text, Encoding encoding, CancellationToken cancellationToken)
   at Microsoft.AspNetCore.Mvc.Formatters.StringOutputFormatter.WriteResponseBodyAsync(OutputFormatterWriteContext context, Encoding encoding)
   at Microsoft.AspNetCore.Mvc.Formatters.TextOutputFormatter.WriteAsync(OutputFormatterWriteContext context)
   at Microsoft.AspNetCore.Mvc.Infrastructure.ObjectResultExecutor.ExecuteAsyncCore(ActionContext context, ObjectResult result, Type objectType, Object value)
   at Microsoft.AspNetCore.Mvc.Infrastructure.ObjectResultExecutor.ExecuteAsync(ActionContext context, ObjectResult result)
   at Microsoft.AspNetCore.Mvc.Infrastructure.ResourceInvoker.ResultNext[TFilter,TFilterAsync](State& next, Scope& scope, Object& state, Boolean& isCompleted)
   at Microsoft.AspNetCore.Mvc.Infrastructure.ResourceInvoker.InvokeNextResultFilterAsync[TFilter,TFilterAsync]()
--- End of stack trace from previous location ---
   at Microsoft.AspNetCore.Mvc.Infrastructure.ResourceInvoker.Rethrow(ResultExecutedContextSealed context)
   at Microsoft.AspNetCore.Mvc.Infrastructure.ResourceInvoker.ResultNext[TFilter,TFilterAsync](State& next, Scope& scope, Object& state, Boolean& isCompleted)
   at Microsoft.AspNetCore.Mvc.Infrastructure.ResourceInvoker.InvokeResultFilters()
--- End of stack trace from previous location ---
   at Microsoft.AspNetCore.Mvc.Infrastructure.ResourceInvoker.<InvokeFilterPipelineAsync>g__Awaited|20_0(ResourceInvoker invoker, Task lastTask, State next, Scope scope, Object state, Boolean isCompleted)
   at Microsoft.AspNetCore.Mvc.Infrastructure.ResourceInvoker.<InvokeAsync>g__Logged|17_1(ResourceInvoker invoker)
   at Microsoft.AspNetCore.Mvc.Infrastructure.ResourceInvoker.<InvokeAsync>g__Logged|17_1(ResourceInvoker invoker)
   at Microsoft.AspNetCore.Routing.EndpointMiddleware.<Invoke>g__AwaitRequestTask|7_0(Endpoint endpoint, Task requestTask, ILogger logger)
   at Microsoft.AspNetCore.Authorization.AuthorizationMiddleware.Invoke(HttpContext context)
   at Swashbuckle.AspNetCore.SwaggerUI.SwaggerUIMiddleware.Invoke(HttpContext httpContext)
   at Swashbuckle.AspNetCore.Swagger.SwaggerMiddleware.Invoke(HttpContext httpContext, ISwaggerProvider swaggerProvider)
   at Microsoft.AspNetCore.Authentication.AuthenticationMiddleware.Invoke(HttpContext context)
   at Microsoft.AspNetCore.Diagnostics.DeveloperExceptionPageMiddlewareImpl.Invoke(HttpContext context)
   at Microsoft.AspNetCore.Diagnostics.DeveloperExceptionPageMiddlewareImpl.Invoke(HttpContext context)
   at Microsoft.WebTools.BrowserLink.Net.BrowserLinkMiddleware.InvokeAsync(HttpContext context)
   at Microsoft.AspNetCore.Watch.BrowserRefresh.BrowserRefreshMiddleware.InvokeAsync(HttpContext context)
   at Microsoft.AspNetCore.Server.Kestrel.Core.Internal.Http.HttpProtocol.ProcessRequests[TContext](IHttpApplication`1 application)

2024-08-03 11:54:26.140 +05:30  INF  Request finished HTTP/2 DELETE https://localhost:7136/Author/11 - 204 null text/plain; charset=utf-8 544.2495ms
2024-08-03 14:42:04.266 +05:30  INF  Now listening on: https://localhost:7136
2024-08-03 14:42:04.336 +05:30  INF  Now listening on: http://localhost:5192
2024-08-03 14:42:04.338 +05:30  INF  Application started. Press Ctrl+C to shut down.
2024-08-03 14:42:04.339 +05:30  INF  Hosting environment: Development
2024-08-03 14:42:04.339 +05:30  INF  Content root path: D:\Users\sreevidya\source\repos\BookStoreserver_.net\BookStore\BookStore
2024-08-03 14:42:07.512 +05:30  INF  Request starting HTTP/2 GET https://localhost:7136/swagger/index.html - null null
2024-08-03 14:42:07.886 +05:30  INF  Request finished HTTP/2 GET https://localhost:7136/swagger/index.html - 200 null text/html;charset=utf-8 381.3379ms
2024-08-03 14:42:09.410 +05:30  INF  Request starting HTTP/2 GET https://localhost:7136/_framework/aspnetcore-browser-refresh.js - null null
2024-08-03 14:42:09.462 +05:30  INF  Request starting HTTP/2 GET https://localhost:7136/_vs/browserLink - null null
2024-08-03 14:42:09.494 +05:30  INF  Request finished HTTP/2 GET https://localhost:7136/_framework/aspnetcore-browser-refresh.js - 200 13754 application/javascript; charset=utf-8 92.8238ms
2024-08-03 14:42:09.974 +05:30  INF  Request finished HTTP/2 GET https://localhost:7136/_vs/browserLink - 200 null text/javascript; charset=UTF-8 512.4999ms
2024-08-03 14:42:10.076 +05:30  INF  Request starting HTTP/2 GET https://localhost:7136/swagger/v1/swagger.json - null null
2024-08-03 14:42:10.268 +05:30  INF  Request finished HTTP/2 GET https://localhost:7136/swagger/v1/swagger.json - 200 null application/json;charset=utf-8 192.5147ms
2024-08-03 14:43:11.944 +05:30  INF  Request starting HTTP/2 POST https://localhost:7136/Admin/new - application/json 95
2024-08-03 14:43:11.960 +05:30  INF  Executing endpoint 'BookStore.Controllers.AdminController.CreateNewAdmin (BookStore)'
2024-08-03 14:43:12.109 +05:30  INF  Route matched with {action = "CreateNewAdmin", controller = "Admin"}. Executing controller action with signature System.Threading.Tasks.Task`1[Microsoft.AspNetCore.Mvc.ActionResult`1[BookStore.Models.Admin]] CreateNewAdmin(BookStore.Models.Admin) on controller BookStore.Controllers.AdminController (BookStore).
2024-08-03 14:43:14.155 +05:30  INF  Executing BadRequestObjectResult, writing value of type 'Microsoft.AspNetCore.Mvc.ValidationProblemDetails'.
2024-08-03 14:43:14.188 +05:30  INF  Executed action BookStore.Controllers.AdminController.CreateNewAdmin (BookStore) in 2072.0843ms
2024-08-03 14:43:14.188 +05:30  INF  Executed endpoint 'BookStore.Controllers.AdminController.CreateNewAdmin (BookStore)'
2024-08-03 14:43:14.190 +05:30  INF  Request finished HTTP/2 POST https://localhost:7136/Admin/new - 400 null application/problem+json; charset=utf-8 2246.9692ms
2024-08-03 14:43:53.960 +05:30  INF  Request starting HTTP/2 POST https://localhost:7136/Admin/new - application/json 94
2024-08-03 14:43:53.962 +05:30  INF  Executing endpoint 'BookStore.Controllers.AdminController.CreateNewAdmin (BookStore)'
2024-08-03 14:43:53.962 +05:30  INF  Route matched with {action = "CreateNewAdmin", controller = "Admin"}. Executing controller action with signature System.Threading.Tasks.Task`1[Microsoft.AspNetCore.Mvc.ActionResult`1[BookStore.Models.Admin]] CreateNewAdmin(BookStore.Models.Admin) on controller BookStore.Controllers.AdminController (BookStore).
2024-08-03 14:43:59.825 +05:30  INF  Executed DbCommand (322ms) [Parameters=[@__admin_email_0='?' (Size = 4000)], CommandType='"Text"', CommandTimeout='30']
SELECT TOP(1) [a].[admin_id], [a].[email], [a].[name], [a].[password]
FROM [Admins] AS [a]
WHERE [a].[email] = @__admin_email_0
2024-08-03 14:44:00.330 +05:30  INF  Executed DbCommand (110ms) [Parameters=[@p0='?' (Size = 4000), @p1='?' (Size = 50) (DbType = AnsiString), @p2='?' (Size = 4000)], CommandType='"Text"', CommandTimeout='30']
SET IMPLICIT_TRANSACTIONS OFF;
SET NOCOUNT ON;
INSERT INTO [Admins] ([email], [name], [password])
OUTPUT INSERTED.[admin_id]
VALUES (@p0, @p1, @p2);
2024-08-03 14:44:00.402 +05:30  INF  New Admin 'sreevidya' created
2024-08-03 14:44:00.409 +05:30  INF  Executing ObjectResult, writing value of type 'BookStore.Models.Admin'.
2024-08-03 14:44:00.414 +05:30  INF  Executed action BookStore.Controllers.AdminController.CreateNewAdmin (BookStore) in 6451.291ms
2024-08-03 14:44:00.415 +05:30  INF  Executed endpoint 'BookStore.Controllers.AdminController.CreateNewAdmin (BookStore)'
2024-08-03 14:44:00.425 +05:30  INF  Request finished HTTP/2 POST https://localhost:7136/Admin/new - 201 null application/json; charset=utf-8 6465.2806ms
2024-08-03 15:41:05.608 +05:30  INF  User profile is available. Using 'D:\Users\sreevidya\AppData\Local\ASP.NET\DataProtection-Keys' as key repository and Windows DPAPI to encrypt keys at rest.
2024-08-03 15:41:06.062 +05:30  INF  Now listening on: https://localhost:7136
2024-08-03 15:41:06.062 +05:30  INF  Now listening on: http://localhost:5192
2024-08-03 15:41:06.065 +05:30  INF  Application started. Press Ctrl+C to shut down.
2024-08-03 15:41:06.065 +05:30  INF  Hosting environment: Development
2024-08-03 15:41:06.065 +05:30  INF  Content root path: D:\Users\sreevidya\source\repos\BookStoreserver_.net\BookStore\BookStore
2024-08-03 15:41:11.354 +05:30  INF  Request starting HTTP/2 GET https://localhost:7136/swagger/index.html - null null
2024-08-03 15:41:13.482 +05:30  INF  Request finished HTTP/2 GET https://localhost:7136/swagger/index.html - 200 null text/html;charset=utf-8 2134.8778ms
2024-08-03 15:41:14.075 +05:30  INF  Request starting HTTP/2 GET https://localhost:7136/_framework/aspnetcore-browser-refresh.js - null null
2024-08-03 15:41:14.446 +05:30  INF  Request starting HTTP/2 GET https://localhost:7136/_vs/browserLink - null null
2024-08-03 15:41:14.463 +05:30  INF  Request finished HTTP/2 GET https://localhost:7136/_framework/aspnetcore-browser-refresh.js - 200 13754 application/javascript; charset=utf-8 388.6624ms
2024-08-03 15:41:14.623 +05:30  INF  Request finished HTTP/2 GET https://localhost:7136/_vs/browserLink - 200 null text/javascript; charset=UTF-8 177.1408ms
2024-08-03 15:41:14.786 +05:30  INF  Request starting HTTP/2 GET https://localhost:7136/swagger/v1/swagger.json - null null
2024-08-03 15:41:15.048 +05:30  INF  Request finished HTTP/2 GET https://localhost:7136/swagger/v1/swagger.json - 200 null application/json;charset=utf-8 262.4699ms
2024-08-03 15:43:10.488 +05:30  INF  Request starting HTTP/2 POST https://localhost:7136/Admin - application/json 72
2024-08-03 15:43:10.497 +05:30  INF  Executing endpoint 'BookStore.Controllers.AdminController.Login (BookStore)'
2024-08-03 15:43:10.554 +05:30  INF  Route matched with {action = "Login", controller = "Admin"}. Executing controller action with signature System.Threading.Tasks.Task`1[Microsoft.AspNetCore.Mvc.ActionResult`1[BookStore.Models.Admin]] Login(BookStore.Models.Admin) on controller BookStore.Controllers.AdminController (BookStore).
2024-08-03 15:43:11.149 +05:30  INF  Executing BadRequestObjectResult, writing value of type 'Microsoft.AspNetCore.Mvc.ValidationProblemDetails'.
2024-08-03 15:43:11.193 +05:30  INF  Executed action BookStore.Controllers.AdminController.Login (BookStore) in 624.9582ms
2024-08-03 15:43:11.193 +05:30  INF  Executed endpoint 'BookStore.Controllers.AdminController.Login (BookStore)'
2024-08-03 15:43:11.196 +05:30  INF  Request finished HTTP/2 POST https://localhost:7136/Admin - 400 null application/problem+json; charset=utf-8 708.3017ms
2024-08-03 15:43:26.428 +05:30  INF  Request starting HTTP/2 POST https://localhost:7136/Admin - application/json 71
2024-08-03 15:43:26.429 +05:30  INF  Executing endpoint 'BookStore.Controllers.AdminController.Login (BookStore)'
2024-08-03 15:43:26.429 +05:30  INF  Route matched with {action = "Login", controller = "Admin"}. Executing controller action with signature System.Threading.Tasks.Task`1[Microsoft.AspNetCore.Mvc.ActionResult`1[BookStore.Models.Admin]] Login(BookStore.Models.Admin) on controller BookStore.Controllers.AdminController (BookStore).
2024-08-03 15:43:28.928 +05:30  INF  Executed DbCommand (195ms) [Parameters=[@__email_0='?' (Size = 4000)], CommandType='"Text"', CommandTimeout='30']
SELECT TOP(1) [a].[admin_id], [a].[email], [a].[name], [a].[password]
FROM [Admins] AS [a]
WHERE [a].[email] = @__email_0
2024-08-03 15:43:29.963 +05:30  INF  Executing OkObjectResult, writing value of type 'BookStore.Models.Admin'.
2024-08-03 15:43:29.965 +05:30  INF  Executed action BookStore.Controllers.AdminController.Login (BookStore) in 3535.3803ms
2024-08-03 15:43:29.966 +05:30  INF  Executed endpoint 'BookStore.Controllers.AdminController.Login (BookStore)'
2024-08-03 15:43:29.976 +05:30  INF  Request finished HTTP/2 POST https://localhost:7136/Admin - 200 null application/json; charset=utf-8 3548.0282ms
2024-08-03 15:43:48.345 +05:30  INF  Request starting HTTP/2 POST https://localhost:7136/Admin - application/json 70
2024-08-03 15:43:48.346 +05:30  INF  Executing endpoint 'BookStore.Controllers.AdminController.Login (BookStore)'
2024-08-03 15:43:48.346 +05:30  INF  Route matched with {action = "Login", controller = "Admin"}. Executing controller action with signature System.Threading.Tasks.Task`1[Microsoft.AspNetCore.Mvc.ActionResult`1[BookStore.Models.Admin]] Login(BookStore.Models.Admin) on controller BookStore.Controllers.AdminController (BookStore).
2024-08-03 15:43:48.435 +05:30  INF  Executed DbCommand (30ms) [Parameters=[@__email_0='?' (Size = 4000)], CommandType='"Text"', CommandTimeout='30']
SELECT TOP(1) [a].[admin_id], [a].[email], [a].[name], [a].[password]
FROM [Admins] AS [a]
WHERE [a].[email] = @__email_0
2024-08-03 15:43:49.205 +05:30  INF  Executing NotFoundObjectResult, writing value of type 'System.String'.
2024-08-03 15:43:49.205 +05:30  INF  Executed action BookStore.Controllers.AdminController.Login (BookStore) in 858.9425ms
2024-08-03 15:43:49.206 +05:30  INF  Executed endpoint 'BookStore.Controllers.AdminController.Login (BookStore)'
2024-08-03 15:43:49.206 +05:30  INF  Request finished HTTP/2 POST https://localhost:7136/Admin - 404 null text/plain; charset=utf-8 860.8261ms
2024-08-03 15:44:01.144 +05:30  INF  Request starting HTTP/2 POST https://localhost:7136/Admin - application/json 69
2024-08-03 15:44:01.145 +05:30  INF  Executing endpoint 'BookStore.Controllers.AdminController.Login (BookStore)'
2024-08-03 15:44:01.145 +05:30  INF  Route matched with {action = "Login", controller = "Admin"}. Executing controller action with signature System.Threading.Tasks.Task`1[Microsoft.AspNetCore.Mvc.ActionResult`1[BookStore.Models.Admin]] Login(BookStore.Models.Admin) on controller BookStore.Controllers.AdminController (BookStore).
2024-08-03 15:44:01.337 +05:30  INF  Executed DbCommand (2ms) [Parameters=[@__email_0='?' (Size = 4000)], CommandType='"Text"', CommandTimeout='30']
SELECT TOP(1) [a].[admin_id], [a].[email], [a].[name], [a].[password]
FROM [Admins] AS [a]
WHERE [a].[email] = @__email_0
2024-08-03 15:44:01.340 +05:30  INF  Executing NotFoundObjectResult, writing value of type 'System.String'.
2024-08-03 15:44:01.340 +05:30  INF  Executed action BookStore.Controllers.AdminController.Login (BookStore) in 194.9613ms
2024-08-03 15:44:01.340 +05:30  INF  Executed endpoint 'BookStore.Controllers.AdminController.Login (BookStore)'
2024-08-03 15:44:01.341 +05:30  INF  Request finished HTTP/2 POST https://localhost:7136/Admin - 404 null text/plain; charset=utf-8 196.5887ms
2024-08-03 17:10:18.161 +05:30  INF  User profile is available. Using 'D:\Users\sreevidya\AppData\Local\ASP.NET\DataProtection-Keys' as key repository and Windows DPAPI to encrypt keys at rest.
2024-08-03 17:10:18.694 +05:30  INF  Now listening on: https://localhost:7136
2024-08-03 17:10:18.694 +05:30  INF  Now listening on: http://localhost:5192
2024-08-03 17:10:18.698 +05:30  INF  Application started. Press Ctrl+C to shut down.
2024-08-03 17:10:18.698 +05:30  INF  Hosting environment: Development
2024-08-03 17:10:18.699 +05:30  INF  Content root path: D:\Users\sreevidya\source\repos\BookStoreserver_.net\BookStore\BookStore
2024-08-03 17:10:23.849 +05:30  INF  Request starting HTTP/2 GET https://localhost:7136/swagger/index.html - null null
2024-08-03 17:10:24.645 +05:30  INF  Request finished HTTP/2 GET https://localhost:7136/swagger/index.html - 200 null text/html;charset=utf-8 805.51ms
2024-08-03 17:10:26.658 +05:30  INF  Request starting HTTP/2 GET https://localhost:7136/_framework/aspnetcore-browser-refresh.js - null null
2024-08-03 17:10:26.687 +05:30  INF  Request finished HTTP/2 GET https://localhost:7136/_framework/aspnetcore-browser-refresh.js - 200 13754 application/javascript; charset=utf-8 28.726ms
2024-08-03 17:10:26.729 +05:30  INF  Request starting HTTP/2 GET https://localhost:7136/_vs/browserLink - null null
2024-08-03 17:10:26.898 +05:30  INF  Request finished HTTP/2 GET https://localhost:7136/_vs/browserLink - 200 null text/javascript; charset=UTF-8 169.0741ms
2024-08-03 17:10:27.076 +05:30  INF  Request starting HTTP/2 GET https://localhost:7136/swagger/v1/swagger.json - null null
2024-08-03 17:10:27.384 +05:30  INF  Request finished HTTP/2 GET https://localhost:7136/swagger/v1/swagger.json - 200 null application/json;charset=utf-8 307.2441ms
2024-08-03 17:11:22.738 +05:30  INF  Request starting HTTP/2 POST https://localhost:7136/Admin/fp?email=srividya.mom%40gmail.com - null 0
2024-08-03 17:11:22.757 +05:30  INF  Executing endpoint 'BookStore.Controllers.AdminController.forgotPassword (BookStore)'
2024-08-03 17:11:22.863 +05:30  INF  Route matched with {action = "forgotPassword", controller = "Admin"}. Executing controller action with signature System.Threading.Tasks.Task`1[Microsoft.AspNetCore.Mvc.IActionResult] forgotPassword(System.String) on controller BookStore.Controllers.AdminController (BookStore).
2024-08-03 17:11:26.879 +05:30  INF  Executed DbCommand (167ms) [Parameters=[@__email_0='?' (Size = 4000)], CommandType='"Text"', CommandTimeout='30']
SELECT TOP(1) [a].[admin_id], [a].[email], [a].[name], [a].[password]
FROM [Admins] AS [a]
WHERE [a].[email] = @__email_0
2024-08-03 17:11:31.423 +05:30  INF  Executing OkObjectResult, writing value of type 'System.String'.
2024-08-03 17:11:31.433 +05:30  INF  Executed action BookStore.Controllers.AdminController.forgotPassword (BookStore) in 8561.0391ms
2024-08-03 17:11:31.434 +05:30  INF  Executed endpoint 'BookStore.Controllers.AdminController.forgotPassword (BookStore)'
2024-08-03 17:11:31.452 +05:30  INF  Request finished HTTP/2 POST https://localhost:7136/Admin/fp?email=srividya.mom%40gmail.com - 200 null text/plain; charset=utf-8 8713.6583ms
2024-08-03 17:27:11.374 +05:30  INF  User profile is available. Using 'D:\Users\sreevidya\AppData\Local\ASP.NET\DataProtection-Keys' as key repository and Windows DPAPI to encrypt keys at rest.
2024-08-03 17:27:11.739 +05:30  INF  Now listening on: https://localhost:7136
2024-08-03 17:27:11.739 +05:30  INF  Now listening on: http://localhost:5192
2024-08-03 17:27:11.742 +05:30  INF  Application started. Press Ctrl+C to shut down.
2024-08-03 17:27:11.743 +05:30  INF  Hosting environment: Development
2024-08-03 17:27:11.743 +05:30  INF  Content root path: D:\Users\sreevidya\source\repos\BookStoreserver_.net\BookStore\BookStore
2024-08-03 17:27:15.816 +05:30  INF  Request starting HTTP/2 GET https://localhost:7136/swagger/index.html - null null
2024-08-03 17:27:16.484 +05:30  INF  Request finished HTTP/2 GET https://localhost:7136/swagger/index.html - 200 null text/html;charset=utf-8 675.2527ms
2024-08-03 17:27:16.604 +05:30  INF  Request starting HTTP/2 GET https://localhost:7136/_framework/aspnetcore-browser-refresh.js - null null
2024-08-03 17:27:16.748 +05:30  INF  Request finished HTTP/2 GET https://localhost:7136/_framework/aspnetcore-browser-refresh.js - 200 13754 application/javascript; charset=utf-8 148.6ms
2024-08-03 17:27:16.749 +05:30  INF  Request starting HTTP/2 GET https://localhost:7136/_vs/browserLink - null null
2024-08-03 17:27:16.884 +05:30  INF  Request finished HTTP/2 GET https://localhost:7136/_vs/browserLink - 200 null text/javascript; charset=UTF-8 135.463ms
2024-08-03 17:27:17.148 +05:30  INF  Request starting HTTP/2 GET https://localhost:7136/swagger/v1/swagger.json - null null
2024-08-03 17:27:17.371 +05:30  INF  Request finished HTTP/2 GET https://localhost:7136/swagger/v1/swagger.json - 200 null application/json;charset=utf-8 222.5118ms
2024-08-03 17:27:48.040 +05:30  INF  Request starting HTTP/2 POST https://localhost:7136/Admin/fp - application/json 39
2024-08-03 17:27:48.064 +05:30  INF  Executing endpoint 'BookStore.Controllers.AdminController.forgotPassword (BookStore)'
2024-08-03 17:27:48.097 +05:30  INF  Route matched with {action = "forgotPassword", controller = "Admin"}. Executing controller action with signature System.Threading.Tasks.Task`1[Microsoft.AspNetCore.Mvc.IActionResult] forgotPassword(BookStore.Models.AdminEmail) on controller BookStore.Controllers.AdminController (BookStore).
2024-08-03 17:27:51.492 +05:30  INF  Executed DbCommand (124ms) [Parameters=[@__email_0='?' (Size = 4000)], CommandType='"Text"', CommandTimeout='30']
SELECT TOP(1) [a].[admin_id], [a].[email], [a].[name], [a].[password]
FROM [Admins] AS [a]
WHERE [a].[email] = @__email_0
2024-08-03 17:27:55.031 +05:30  INF  Executing OkObjectResult, writing value of type 'System.String'.
2024-08-03 17:27:55.039 +05:30  INF  Executed action BookStore.Controllers.AdminController.forgotPassword (BookStore) in 6936.172ms
2024-08-03 17:27:55.040 +05:30  INF  Executed endpoint 'BookStore.Controllers.AdminController.forgotPassword (BookStore)'
2024-08-03 17:27:55.084 +05:30  INF  Request finished HTTP/2 POST https://localhost:7136/Admin/fp - 200 null text/plain; charset=utf-8 7044.7183ms
2024-08-03 17:28:29.392 +05:30  INF  Request starting HTTP/2 POST https://localhost:7136/Admin/fp - application/json 35
2024-08-03 17:28:29.394 +05:30  INF  Executing endpoint 'BookStore.Controllers.AdminController.forgotPassword (BookStore)'
2024-08-03 17:28:29.394 +05:30  INF  Route matched with {action = "forgotPassword", controller = "Admin"}. Executing controller action with signature System.Threading.Tasks.Task`1[Microsoft.AspNetCore.Mvc.IActionResult] forgotPassword(BookStore.Models.AdminEmail) on controller BookStore.Controllers.AdminController (BookStore).
2024-08-03 17:28:29.440 +05:30  INF  Executed DbCommand (12ms) [Parameters=[@__email_0='?' (Size = 4000)], CommandType='"Text"', CommandTimeout='30']
SELECT TOP(1) [a].[admin_id], [a].[email], [a].[name], [a].[password]
FROM [Admins] AS [a]
WHERE [a].[email] = @__email_0
2024-08-03 17:28:29.442 +05:30  INF  Executing UnauthorizedObjectResult, writing value of type 'System.String'.
2024-08-03 17:28:29.443 +05:30  INF  Executed action BookStore.Controllers.AdminController.forgotPassword (BookStore) in 48.0787ms
2024-08-03 17:28:29.443 +05:30  INF  Executed endpoint 'BookStore.Controllers.AdminController.forgotPassword (BookStore)'
2024-08-03 17:28:29.444 +05:30  INF  Request finished HTTP/2 POST https://localhost:7136/Admin/fp - 401 null text/plain; charset=utf-8 51.8537ms
2024-08-03 17:47:56.616 +05:30  INF  User profile is available. Using 'D:\Users\sreevidya\AppData\Local\ASP.NET\DataProtection-Keys' as key repository and Windows DPAPI to encrypt keys at rest.
2024-08-03 17:47:56.911 +05:30  INF  Now listening on: https://localhost:7136
2024-08-03 17:47:56.912 +05:30  INF  Now listening on: http://localhost:5192
2024-08-03 17:47:56.919 +05:30  INF  Application started. Press Ctrl+C to shut down.
2024-08-03 17:47:56.919 +05:30  INF  Hosting environment: Development
2024-08-03 17:47:56.919 +05:30  INF  Content root path: D:\Users\sreevidya\source\repos\BookStoreserver_.net\BookStore\BookStore
2024-08-03 17:48:02.190 +05:30  INF  Request starting HTTP/2 GET https://localhost:7136/swagger/index.html - null null
2024-08-03 17:48:02.712 +05:30  INF  Request finished HTTP/2 GET https://localhost:7136/swagger/index.html - 200 null text/html;charset=utf-8 529.6369ms
2024-08-03 17:48:03.708 +05:30  INF  Request starting HTTP/2 GET https://localhost:7136/_framework/aspnetcore-browser-refresh.js - null null
2024-08-03 17:48:03.722 +05:30  INF  Request starting HTTP/2 GET https://localhost:7136/_vs/browserLink - null null
2024-08-03 17:48:03.728 +05:30  INF  Request finished HTTP/2 GET https://localhost:7136/_framework/aspnetcore-browser-refresh.js - 200 13754 application/javascript; charset=utf-8 19.8387ms
2024-08-03 17:48:03.816 +05:30  INF  Request finished HTTP/2 GET https://localhost:7136/_vs/browserLink - 200 null text/javascript; charset=UTF-8 93.9873ms
2024-08-03 17:48:03.914 +05:30  INF  Request starting HTTP/2 GET https://localhost:7136/swagger/v1/swagger.json - null null
2024-08-03 17:48:04.170 +05:30  INF  Request finished HTTP/2 GET https://localhost:7136/swagger/v1/swagger.json - 200 null application/json;charset=utf-8 256.4097ms
2024-08-03 17:55:22.177 +05:30  INF  User profile is available. Using 'D:\Users\sreevidya\AppData\Local\ASP.NET\DataProtection-Keys' as key repository and Windows DPAPI to encrypt keys at rest.
2024-08-03 17:55:22.449 +05:30  INF  Now listening on: https://localhost:7136
2024-08-03 17:55:22.450 +05:30  INF  Now listening on: http://localhost:5192
2024-08-03 17:55:22.452 +05:30  INF  Application started. Press Ctrl+C to shut down.
2024-08-03 17:55:22.453 +05:30  INF  Hosting environment: Development
2024-08-03 17:55:22.453 +05:30  INF  Content root path: D:\Users\sreevidya\source\repos\BookStoreserver_.net\BookStore\BookStore
2024-08-03 17:55:25.387 +05:30  INF  Request starting HTTP/2 GET https://localhost:7136/swagger/index.html - null null
2024-08-03 17:55:25.931 +05:30  INF  Request finished HTTP/2 GET https://localhost:7136/swagger/index.html - 200 null text/html;charset=utf-8 550.5652ms
2024-08-03 17:55:28.221 +05:30  INF  Request starting HTTP/2 GET https://localhost:7136/_framework/aspnetcore-browser-refresh.js - null null
2024-08-03 17:55:28.221 +05:30  INF  Request starting HTTP/2 GET https://localhost:7136/_vs/browserLink - null null
2024-08-03 17:55:28.236 +05:30  INF  Request finished HTTP/2 GET https://localhost:7136/_framework/aspnetcore-browser-refresh.js - 200 13754 application/javascript; charset=utf-8 15.9003ms
2024-08-03 17:55:28.332 +05:30  INF  Request finished HTTP/2 GET https://localhost:7136/_vs/browserLink - 200 null text/javascript; charset=UTF-8 111.0154ms
2024-08-03 17:55:28.589 +05:30  INF  Request starting HTTP/2 GET https://localhost:7136/swagger/v1/swagger.json - null null
2024-08-03 17:55:28.766 +05:30  INF  Request finished HTTP/2 GET https://localhost:7136/swagger/v1/swagger.json - 200 null application/json;charset=utf-8 176.9258ms
2024-08-03 17:56:04.540 +05:30  INF  Request starting HTTP/2 PUT https://localhost:7136/Admin/newPassword/srividya.mom@gmail.com - application/json 39
2024-08-03 17:56:04.551 +05:30  INF  Executing endpoint 'BookStore.Controllers.AdminController.UpdatePassword (BookStore)'
2024-08-03 17:56:04.589 +05:30  INF  Route matched with {action = "UpdatePassword", controller = "Admin"}. Executing controller action with signature System.Threading.Tasks.Task`1[Microsoft.AspNetCore.Mvc.IActionResult] UpdatePassword(System.String, BookStore.Models.Admin) on controller BookStore.Controllers.AdminController (BookStore).
2024-08-03 17:56:05.193 +05:30  INF  Executing BadRequestObjectResult, writing value of type 'Microsoft.AspNetCore.Mvc.ValidationProblemDetails'.
2024-08-03 17:56:05.243 +05:30  INF  Executed action BookStore.Controllers.AdminController.UpdatePassword (BookStore) in 646.096ms
2024-08-03 17:56:05.243 +05:30  INF  Executed endpoint 'BookStore.Controllers.AdminController.UpdatePassword (BookStore)'
2024-08-03 17:56:05.246 +05:30  INF  Request finished HTTP/2 PUT https://localhost:7136/Admin/newPassword/srividya.mom@gmail.com - 400 null application/problem+json; charset=utf-8 705.8356ms
2024-08-03 17:56:14.628 +05:30  INF  Request starting HTTP/2 PUT https://localhost:7136/Admin/newPassword/srividya.mom@gmail.com - application/json 38
2024-08-03 17:56:14.632 +05:30  INF  Executing endpoint 'BookStore.Controllers.AdminController.UpdatePassword (BookStore)'
2024-08-03 17:56:14.633 +05:30  INF  Route matched with {action = "UpdatePassword", controller = "Admin"}. Executing controller action with signature System.Threading.Tasks.Task`1[Microsoft.AspNetCore.Mvc.IActionResult] UpdatePassword(System.String, BookStore.Models.Admin) on controller BookStore.Controllers.AdminController (BookStore).
2024-08-03 17:56:17.005 +05:30  INF  Executed DbCommand (100ms) [Parameters=[@__email_0='?' (Size = 4000)], CommandType='"Text"', CommandTimeout='30']
SELECT TOP(1) [a].[admin_id], [a].[email], [a].[name], [a].[password]
FROM [Admins] AS [a]
WHERE [a].[email] = @__email_0
2024-08-03 17:56:18.127 +05:30  INF  Executed DbCommand (19ms) [Parameters=[@p1='?' (DbType = Int32), @p0='?' (Size = 4000)], CommandType='"Text"', CommandTimeout='30']
SET IMPLICIT_TRANSACTIONS OFF;
SET NOCOUNT ON;
UPDATE [Admins] SET [email] = @p0
OUTPUT 1
WHERE [admin_id] = @p1;
2024-08-03 17:56:18.151 +05:30  INF  Executing OkObjectResult, writing value of type 'System.String'.
2024-08-03 17:56:18.152 +05:30  INF  Executed action BookStore.Controllers.AdminController.UpdatePassword (BookStore) in 3519.2955ms
2024-08-03 17:56:18.154 +05:30  INF  Executed endpoint 'BookStore.Controllers.AdminController.UpdatePassword (BookStore)'
2024-08-03 17:56:18.166 +05:30  INF  Request finished HTTP/2 PUT https://localhost:7136/Admin/newPassword/srividya.mom@gmail.com - 200 null text/plain; charset=utf-8 3537.9423ms
2024-08-03 17:57:02.698 +05:30  INF  Request starting HTTP/2 POST https://localhost:7136/Login - application/json 73
2024-08-03 17:57:02.699 +05:30  INF  Executing endpoint 'BookStore.Controllers.AdminController.Login (BookStore)'
2024-08-03 17:57:02.711 +05:30  INF  Route matched with {action = "Login", controller = "Admin"}. Executing controller action with signature System.Threading.Tasks.Task`1[Microsoft.AspNetCore.Mvc.ActionResult`1[BookStore.Models.Admin]] Login(BookStore.Models.Admin) on controller BookStore.Controllers.AdminController (BookStore).
2024-08-03 17:57:02.722 +05:30  INF  Executing BadRequestObjectResult, writing value of type 'Microsoft.AspNetCore.Mvc.ValidationProblemDetails'.
2024-08-03 17:57:02.723 +05:30  INF  Executed action BookStore.Controllers.AdminController.Login (BookStore) in 10.8958ms
2024-08-03 17:57:02.723 +05:30  INF  Executed endpoint 'BookStore.Controllers.AdminController.Login (BookStore)'
2024-08-03 17:57:02.723 +05:30  INF  Request finished HTTP/2 POST https://localhost:7136/Login - 400 null application/problem+json; charset=utf-8 24.7247ms
2024-08-03 17:57:09.653 +05:30  INF  Request starting HTTP/2 POST https://localhost:7136/Login - application/json 72
2024-08-03 17:57:09.654 +05:30  INF  Executing endpoint 'BookStore.Controllers.AdminController.Login (BookStore)'
2024-08-03 17:57:09.654 +05:30  INF  Route matched with {action = "Login", controller = "Admin"}. Executing controller action with signature System.Threading.Tasks.Task`1[Microsoft.AspNetCore.Mvc.ActionResult`1[BookStore.Models.Admin]] Login(BookStore.Models.Admin) on controller BookStore.Controllers.AdminController (BookStore).
2024-08-03 17:57:09.728 +05:30  INF  Executed DbCommand (16ms) [Parameters=[@__email_0='?' (Size = 4000)], CommandType='"Text"', CommandTimeout='30']
SELECT TOP(1) [a].[admin_id], [a].[email], [a].[name], [a].[password]
FROM [Admins] AS [a]
WHERE [a].[email] = @__email_0
2024-08-03 17:57:09.730 +05:30  INF  Executing NotFoundObjectResult, writing value of type 'System.String'.
2024-08-03 17:57:09.730 +05:30  INF  Executed action BookStore.Controllers.AdminController.Login (BookStore) in 76.2891ms
2024-08-03 17:57:09.731 +05:30  INF  Executed endpoint 'BookStore.Controllers.AdminController.Login (BookStore)'
2024-08-03 17:57:09.731 +05:30  INF  Request finished HTTP/2 POST https://localhost:7136/Login - 404 null text/plain; charset=utf-8 78.4889ms
2024-08-03 18:00:54.977 +05:30  INF  User profile is available. Using 'D:\Users\sreevidya\AppData\Local\ASP.NET\DataProtection-Keys' as key repository and Windows DPAPI to encrypt keys at rest.
2024-08-03 18:00:55.356 +05:30  INF  Now listening on: https://localhost:7136
2024-08-03 18:00:55.356 +05:30  INF  Now listening on: http://localhost:5192
2024-08-03 18:00:55.360 +05:30  INF  Application started. Press Ctrl+C to shut down.
2024-08-03 18:00:55.360 +05:30  INF  Hosting environment: Development
2024-08-03 18:00:55.361 +05:30  INF  Content root path: D:\Users\sreevidya\source\repos\BookStoreserver_.net\BookStore\BookStore
2024-08-03 18:00:58.157 +05:30  INF  Request starting HTTP/2 GET https://localhost:7136/swagger/index.html - null null
2024-08-03 18:00:59.108 +05:30  INF  Request finished HTTP/2 GET https://localhost:7136/swagger/index.html - 200 null text/html;charset=utf-8 955.9052ms
2024-08-03 18:00:59.184 +05:30  INF  Request starting HTTP/2 GET https://localhost:7136/_framework/aspnetcore-browser-refresh.js - null null
2024-08-03 18:00:59.205 +05:30  INF  Request finished HTTP/2 GET https://localhost:7136/_framework/aspnetcore-browser-refresh.js - 200 13754 application/javascript; charset=utf-8 21.0628ms
2024-08-03 18:00:59.206 +05:30  INF  Request starting HTTP/2 GET https://localhost:7136/_vs/browserLink - null null
2024-08-03 18:00:59.354 +05:30  INF  Request finished HTTP/2 GET https://localhost:7136/_vs/browserLink - 200 null text/javascript; charset=UTF-8 148.1428ms
2024-08-03 18:00:59.655 +05:30  INF  Request starting HTTP/2 GET https://localhost:7136/swagger/v1/swagger.json - null null
2024-08-03 18:00:59.895 +05:30  INF  Request finished HTTP/2 GET https://localhost:7136/swagger/v1/swagger.json - 200 null application/json;charset=utf-8 240.0484ms
2024-08-03 18:01:45.722 +05:30  INF  Request starting HTTP/2 POST https://localhost:7136/Login - application/json 73
2024-08-03 18:01:45.735 +05:30  INF  Executing endpoint 'BookStore.Controllers.AdminController.Login (BookStore)'
2024-08-03 18:01:45.783 +05:30  INF  Route matched with {action = "Login", controller = "Admin"}. Executing controller action with signature System.Threading.Tasks.Task`1[Microsoft.AspNetCore.Mvc.ActionResult`1[BookStore.Models.Admin]] Login(BookStore.Models.Admin) on controller BookStore.Controllers.AdminController (BookStore).
2024-08-03 18:01:49.104 +05:30  INF  Executed DbCommand (79ms) [Parameters=[@__email_0='?' (Size = 4000)], CommandType='"Text"', CommandTimeout='30']
SELECT TOP(1) [a].[admin_id], [a].[email], [a].[name], [a].[password]
FROM [Admins] AS [a]
WHERE [a].[email] = @__email_0
2024-08-03 18:01:50.022 +05:30  INF  Admin srividya.mom@gmail.com Logged in
2024-08-03 18:01:50.032 +05:30  INF  Executing OkObjectResult, writing value of type 'BookStore.Models.Admin'.
2024-08-03 18:01:50.048 +05:30  INF  Executed action BookStore.Controllers.AdminController.Login (BookStore) in 4260.1478ms
2024-08-03 18:01:50.049 +05:30  INF  Executed endpoint 'BookStore.Controllers.AdminController.Login (BookStore)'
2024-08-03 18:01:50.061 +05:30  INF  Request finished HTTP/2 POST https://localhost:7136/Login - 200 null application/json; charset=utf-8 4338.2816ms
2024-08-03 18:02:31.756 +05:30  INF  Request starting HTTP/2 PUT https://localhost:7136/Admin/newPassword/srividya.mom@gmail.com - application/json 37
2024-08-03 18:02:31.767 +05:30  INF  Executing endpoint 'BookStore.Controllers.AdminController.UpdatePassword (BookStore)'
2024-08-03 18:02:31.780 +05:30  INF  Route matched with {action = "UpdatePassword", controller = "Admin"}. Executing controller action with signature System.Threading.Tasks.Task`1[Microsoft.AspNetCore.Mvc.IActionResult] UpdatePassword(System.String, BookStore.Models.Admin) on controller BookStore.Controllers.AdminController (BookStore).
2024-08-03 18:02:31.845 +05:30  INF  Executed DbCommand (12ms) [Parameters=[@__email_0='?' (Size = 4000)], CommandType='"Text"', CommandTimeout='30']
SELECT TOP(1) [a].[admin_id], [a].[email], [a].[name], [a].[password]
FROM [Admins] AS [a]
WHERE [a].[email] = @__email_0
2024-08-03 18:02:32.698 +05:30  INF  Executed DbCommand (7ms) [Parameters=[@p1='?' (DbType = Int32), @p0='?' (Size = 4000)], CommandType='"Text"', CommandTimeout='30']
SET IMPLICIT_TRANSACTIONS OFF;
SET NOCOUNT ON;
UPDATE [Admins] SET [password] = @p0
OUTPUT 1
WHERE [admin_id] = @p1;
2024-08-03 18:02:32.726 +05:30  INF  Executing OkObjectResult, writing value of type 'System.String'.
2024-08-03 18:02:32.727 +05:30  INF  Executed action BookStore.Controllers.AdminController.UpdatePassword (BookStore) in 946.0649ms
2024-08-03 18:02:32.727 +05:30  INF  Executed endpoint 'BookStore.Controllers.AdminController.UpdatePassword (BookStore)'
2024-08-03 18:02:32.727 +05:30  INF  Request finished HTTP/2 PUT https://localhost:7136/Admin/newPassword/srividya.mom@gmail.com - 200 null text/plain; charset=utf-8 972.1604ms
2024-08-03 18:02:44.075 +05:30  INF  Request starting HTTP/2 POST https://localhost:7136/Login - application/json 73
2024-08-03 18:02:44.076 +05:30  INF  Executing endpoint 'BookStore.Controllers.AdminController.Login (BookStore)'
2024-08-03 18:02:44.077 +05:30  INF  Route matched with {action = "Login", controller = "Admin"}. Executing controller action with signature System.Threading.Tasks.Task`1[Microsoft.AspNetCore.Mvc.ActionResult`1[BookStore.Models.Admin]] Login(BookStore.Models.Admin) on controller BookStore.Controllers.AdminController (BookStore).
2024-08-03 18:02:44.266 +05:30  INF  Executed DbCommand (3ms) [Parameters=[@__email_0='?' (Size = 4000)], CommandType='"Text"', CommandTimeout='30']
SELECT TOP(1) [a].[admin_id], [a].[email], [a].[name], [a].[password]
FROM [Admins] AS [a]
WHERE [a].[email] = @__email_0
2024-08-03 18:02:44.599 +05:30  INF  Executing NotFoundObjectResult, writing value of type 'System.String'.
2024-08-03 18:02:44.600 +05:30  INF  Executed action BookStore.Controllers.AdminController.Login (BookStore) in 522.7034ms
2024-08-03 18:02:44.600 +05:30  INF  Executed endpoint 'BookStore.Controllers.AdminController.Login (BookStore)'
2024-08-03 18:02:44.600 +05:30  INF  Request finished HTTP/2 POST https://localhost:7136/Login - 404 null text/plain; charset=utf-8 524.8891ms
2024-08-03 18:02:53.347 +05:30  INF  Request starting HTTP/2 POST https://localhost:7136/Login - application/json 74
2024-08-03 18:02:53.350 +05:30  INF  Executing endpoint 'BookStore.Controllers.AdminController.Login (BookStore)'
2024-08-03 18:02:53.350 +05:30  INF  Route matched with {action = "Login", controller = "Admin"}. Executing controller action with signature System.Threading.Tasks.Task`1[Microsoft.AspNetCore.Mvc.ActionResult`1[BookStore.Models.Admin]] Login(BookStore.Models.Admin) on controller BookStore.Controllers.AdminController (BookStore).
2024-08-03 18:02:53.384 +05:30  INF  Executed DbCommand (29ms) [Parameters=[@__email_0='?' (Size = 4000)], CommandType='"Text"', CommandTimeout='30']
SELECT TOP(1) [a].[admin_id], [a].[email], [a].[name], [a].[password]
FROM [Admins] AS [a]
WHERE [a].[email] = @__email_0
2024-08-03 18:02:53.805 +05:30  INF  Admin srividya.mom@gmail.com Logged in
2024-08-03 18:02:53.809 +05:30  INF  Executing OkObjectResult, writing value of type 'BookStore.Models.Admin'.
2024-08-03 18:02:53.809 +05:30  INF  Executed action BookStore.Controllers.AdminController.Login (BookStore) in 458.6853ms
2024-08-03 18:02:53.810 +05:30  INF  Executed endpoint 'BookStore.Controllers.AdminController.Login (BookStore)'
2024-08-03 18:02:53.810 +05:30  INF  Request finished HTTP/2 POST https://localhost:7136/Login - 200 null application/json; charset=utf-8 463.2537ms
